
Current Date = 2022-03-30
Current Time = 18:43:58
INSTANCE STATUS
Online
Current Date = 2022-03-30
Current Time = 18:44:44
INSTANCE STATUS
Online
Current Date = 2022-03-31
Current Time = 00:01:02
INSTANCE STATUS
Online
Current Date = 2022-03-31
Current Time = 00:01:43
INSTANCE STATUS
Online
Current Date = 2022-03-31
Current Time = 08:00:16
INSTANCE STATUS
Waking Instance
Current Date = 2022-03-31
Current Time = 08:01:16
INSTANCE STATUS
Waking Instance
Current Date = 2022-03-31
Current Time = 16:00:12
INSTANCE STATUS
Online
Current Date = 2022-03-31
Current Time = 16:01:25
INSTANCE STATUS
Online
Current Date = 2022-04-01
Current Time = 00:00:07
INSTANCE STATUS
Online
Current Date = 2022-04-01
Current Time = 00:00:38
INSTANCE STATUS
Online
Current Date = 2022-04-01
Current Time = 08:00:13
INSTANCE STATUS
Waking Instance
Current Date = 2022-04-01
Current Time = 08:00:53
INSTANCE STATUS
Waking Instance
Current Date = 2022-04-01
Current Time = 16:00:08
INSTANCE STATUS
Online
Current Date = 2022-04-01
Current Time = 16:00:51
INSTANCE STATUS
Online
Current Date = 2022-04-02
Current Time = 00:00:11
INSTANCE STATUS
Online
Current Date = 2022-04-02
Current Time = 00:00:47
INSTANCE STATUS
Online
Current Date = 2022-04-02
Current Time = 08:00:16
INSTANCE STATUS
Online
Current Date = 2022-04-02
Current Time = 08:00:52
INSTANCE STATUS
Waking Instance
Current Date = 2022-04-02
Current Time = 16:00:03
INSTANCE STATUS
Waking Instance
Current Date = 2022-04-02
Current Time = 16:00:59
INSTANCE STATUS
Online
Current Date = 2022-04-03
Current Time = 00:00:09
INSTANCE STATUS
Online
Current Date = 2022-04-03
Current Time = 00:01:02
INSTANCE STATUS
Online
Current Date = 2022-04-03
Current Time = 08:00:11
INSTANCE STATUS
Online
Current Date = 2022-04-03
Current Time = 08:00:56
INSTANCE STATUS
Online
Current Date = 2022-04-03
Current Time = 16:00:03
INSTANCE STATUS
Online
Current Date = 2022-04-03
Current Time = 16:00:52
INSTANCE STATUS
Online
Current Date = 2022-04-04
Current Time = 00:00:05
INSTANCE STATUS
Online
Current Date = 2022-04-04
Current Time = 00:00:45
INSTANCE STATUS
Online
Current Date = 2022-04-04
Current Time = 08:00:11
INSTANCE STATUS
Waking Instance
Current Date = 2022-04-04
Current Time = 08:00:43
INSTANCE STATUS
Waking Instance
Current Date = 2022-04-04
Current Time = 16:00:06
INSTANCE STATUS
Online
Current Date = 2022-04-04
Current Time = 16:00:55
INSTANCE STATUS
Online
Current Date = 2022-04-05
Current Time = 00:00:08
INSTANCE STATUS
Online
Current Date = 2022-04-05
Current Time = 00:00:43
INSTANCE STATUS
Waking Instance
Current Date = 2022-04-05
Current Time = 08:00:14
INSTANCE STATUS
Online
Current Date = 2022-04-05
Current Time = 08:00:50
INSTANCE STATUS
Waking Instance
Current Date = 2022-04-05
Current Time = 16:00:07
INSTANCE STATUS
Waking Instance
Current Date = 2022-04-05
Current Time = 16:00:49
INSTANCE STATUS
Online
Current Date = 2022-04-06
Current Time = 16:00:05
INSTANCE STATUS
Online
Current Date = 2022-04-06
Current Time = 16:00:42
INSTANCE STATUS
Waking Instance
Current Date = 2022-04-07
Current Time = 16:00:08
INSTANCE STATUS
Waking Instance
Current Date = 2022-04-07
Current Time = 16:01:35
INSTANCE STATUS
Waking Instance
Date: 2022-04-08
Time: 16:00:01
Account: user@domain.com
Date: 2022-04-09
Time: 00:00:01
Account: user@domain.com
Date: 2022-04-09
Time: 08:00:01
Account: user@domain.com
Date: 2022-04-09
Time: 16:00:01
Account: user@domain.com
Date: 2022-04-10
Time: 00:00:00
Account: user@domain.com
Date: 2022-04-10
Time: 08:00:00
Account: user@domain.com
Date: 2022-04-10
Time: 16:00:01
Account: user@domain.com
Date: 2022-04-11
Time: 00:00:00
Account: user@domain.com
Date: 2022-04-11
Time: 08:00:01
Account: user@domain.com
Date: 2022-04-11
Time: 16:00:01
Account: user@domain.com
Date: 2022-04-12
Time: 00:00:03
Account: user@domain.com
Date: 2022-04-12
Time: 08:00:02
Account: user@domain.com
2022-04-12 16:00:02 Account: user@domain.com
2022-04-13 00:00:02 Account: user@domain.com
2022-04-13 08:00:01 Account: user@domain.com
2022-04-13 16:00:02 Account: user@domain.com
2022-04-14 00:00:02 Account: user@domain.com
2022-04-14 08:00:02 Account: user@domain.com
2022-04-14 16:00:02 Account: user@domain.com
2022-04-15 00:00:03 Account: user@domain.com
2022-04-16 00:00:03 Account: user@domain.com
2022-04-16 08:00:02 Account: user@domain.com
2022-04-16 16:00:03 Account: user@domain.com
2022-04-17 00:00:02 Account: user@domain.com
2022-04-17 08:00:02 Account: user@domain.com
2022-04-17 16:00:02 Account: user@domain.com
2022-04-18 00:00:03 Account: user@domain.com
2022-04-18 08:00:03 Account: user@domain.com
2022-04-18 16:00:02 Account: user@domain.com
